nohup: ignoring input
2026-03-27 12:32:48,372 - INFO - ======================================================================
2026-03-27 12:32:48,372 - INFO - 联邦学习 + 贝叶斯自动找最优 μ（使用预处理 Valor_norm）
2026-03-27 12:32:48,373 - INFO - ======================================================================
2026-03-27 12:32:48,373 - INFO - 数据版本: old
2026-03-27 12:32:48,374 - INFO - 节点: 8001 - 8042 (41 个)
2026-03-27 12:32:48,374 - INFO - μ 范围: [0.0, 0.1]
2026-03-27 12:32:48,374 - INFO - 试验次数: 3
2026-03-27 12:32:48,374 - INFO - 最大轮数: 10
2026-03-27 12:32:48,374 - INFO - 早停耐心值: 10
2026-03-27 12:32:48,375 - INFO - 学习率衰减: factor=0.5, patience=5
2026-03-27 12:32:48,377 - INFO - ======================================================================
2026-03-27 12:32:48,377 - INFO - 固定 μ = 0.05，跳过贝叶斯优化
2026-03-27 12:32:49,071 - INFO - 设备: cpu
2026-03-27 13:49:29,496 - INFO -   Round 1: val_loss=0.990765 (new best)
2026-03-27 15:04:57,879 - INFO -   Round 2: val_loss=0.749768 (new best)
2026-03-27 16:54:51,774 - INFO -   Round 3: val_loss=0.696427 (new best)
2026-03-27 19:04:33,074 - INFO -   Round 4: val_loss=0.705987 (best: 0.696427 @ round 3)
2026-03-27 20:27:36,436 - INFO -   Round 5: val_loss=0.686528 (new best)
2026-03-27 23:29:41,847 - INFO -   Round 6: val_loss=0.681111 (new best)
2026-03-28 01:08:37,510 - INFO -   Round 7: val_loss=0.674436 (new best)
2026-03-28 02:47:06,898 - INFO -   Round 8: val_loss=0.696696 (best: 0.674436 @ round 7)
2026-03-28 04:24:55,256 - INFO -   Round 9: val_loss=0.682298 (best: 0.674436 @ round 7)
2026-03-28 06:05:47,999 - INFO -   Round 10: val_loss=0.690112 (best: 0.674436 @ round 7)
2026-03-28 06:05:48,001 - INFO - 使用最佳模型 (round 7)
2026-03-28 06:07:04,938 - INFO - 
======================================================================
2026-03-28 06:07:04,938 - INFO - 训练完成（固定 μ）
2026-03-28 06:07:04,939 - INFO - ======================================================================
2026-03-28 06:07:04,939 - INFO - 最终 sMAPE: 104.53%
2026-03-28 06:07:04,941 - INFO - 结果保存: D:\Desk\desk\beiyou_c_project\results\fed_optuna\fixed_mu_0.050000_smape_104.53.txt
Traceback (most recent call last):
  File "D:\Desk\desk\beiyou_c_project\versions\v2_holiday_sector\train_federated_pro_valor_norm.py", line 593, in <module>
    print(f"\n\u2705 最优 μ = {best_mu:.6f}")
UnicodeEncodeError: 'gbk' codec can't encode character '\u2705' in position 2: illegal multibyte sequence
