nohup: ignoring input
Loaded node weights for 42 몸쌘듐
속潼것힘쭈컸쌘듐...
Loaded 1021 samples from D:\Desk\desk\beiyou_c_project\data\processed\barcelona_ready_2019_2022\node_8001\train.pkl
Loaded 1021 samples from D:\Desk\desk\beiyou_c_project\data\processed\barcelona_ready_2019_2022\node_8002\train.pkl
Loaded 1022 samples from D:\Desk\desk\beiyou_c_project\data\processed\barcelona_ready_2019_2022\node_8003\train.pkl
Loaded 1021 samples from D:\Desk\desk\beiyou_c_project\data\processed\barcelona_ready_2019_2022\node_8004\train.pkl
Loaded 1092 samples from D:\Desk\desk\beiyou_c_project\data\processed\barcelona_ready_2019_2022\node_8005\train.pkl
Loaded 1021 samples from D:\Desk\desk\beiyou_c_project\data\processed\barcelona_ready_2019_2022\node_8006\train.pkl
Loaded 1021 samples from D:\Desk\desk\beiyou_c_project\data\processed\barcelona_ready_2019_2022\node_8007\train.pkl
Loaded 1021 samples from D:\Desk\desk\beiyou_c_project\data\processed\barcelona_ready_2019_2022\node_8008\train.pkl
Loaded 1021 samples from D:\Desk\desk\beiyou_c_project\data\processed\barcelona_ready_2019_2022\node_8009\train.pkl
Loaded 1022 samples from D:\Desk\desk\beiyou_c_project\data\processed\barcelona_ready_2019_2022\node_8010\train.pkl
Loaded 980 samples from D:\Desk\desk\beiyou_c_project\data\processed\barcelona_ready_2019_2022\node_8011\train.pkl
Loaded 1022 samples from D:\Desk\desk\beiyou_c_project\data\processed\barcelona_ready_2019_2022\node_8012\train.pkl
Loaded 1037 samples from D:\Desk\desk\beiyou_c_project\data\processed\barcelona_ready_2019_2022\node_8013\train.pkl
Loaded 1040 samples from D:\Desk\desk\beiyou_c_project\data\processed\barcelona_ready_2019_2022\node_8014\train.pkl
Loaded 1050 samples from D:\Desk\desk\beiyou_c_project\data\processed\barcelona_ready_2019_2022\node_8015\train.pkl
Loaded 1021 samples from D:\Desk\desk\beiyou_c_project\data\processed\barcelona_ready_2019_2022\node_8016\train.pkl
Loaded 1044 samples from D:\Desk\desk\beiyou_c_project\data\processed\barcelona_ready_2019_2022\node_8017\train.pkl
Loaded 1021 samples from D:\Desk\desk\beiyou_c_project\data\processed\barcelona_ready_2019_2022\node_8018\train.pkl
Loaded 1021 samples from D:\Desk\desk\beiyou_c_project\data\processed\barcelona_ready_2019_2022\node_8019\train.pkl
Loaded 1015 samples from D:\Desk\desk\beiyou_c_project\data\processed\barcelona_ready_2019_2022\node_8020\train.pkl
Loaded 1021 samples from D:\Desk\desk\beiyou_c_project\data\processed\barcelona_ready_2019_2022\node_8021\train.pkl
Loaded 1021 samples from D:\Desk\desk\beiyou_c_project\data\processed\barcelona_ready_2019_2022\node_8022\train.pkl
Loaded 1021 samples from D:\Desk\desk\beiyou_c_project\data\processed\barcelona_ready_2019_2022\node_8023\train.pkl
Loaded 1022 samples from D:\Desk\desk\beiyou_c_project\data\processed\barcelona_ready_2019_2022\node_8024\train.pkl
Loaded 1021 samples from D:\Desk\desk\beiyou_c_project\data\processed\barcelona_ready_2019_2022\node_8026\train.pkl
Loaded 1021 samples from D:\Desk\desk\beiyou_c_project\data\processed\barcelona_ready_2019_2022\node_8027\train.pkl
Loaded 1101 samples from D:\Desk\desk\beiyou_c_project\data\processed\barcelona_ready_2019_2022\node_8028\train.pkl
Loaded 1021 samples from D:\Desk\desk\beiyou_c_project\data\processed\barcelona_ready_2019_2022\node_8029\train.pkl
Loaded 1021 samples from D:\Desk\desk\beiyou_c_project\data\processed\barcelona_ready_2019_2022\node_8030\train.pkl
Loaded 1021 samples from D:\Desk\desk\beiyou_c_project\data\processed\barcelona_ready_2019_2022\node_8031\train.pkl
Loaded 1021 samples from D:\Desk\desk\beiyou_c_project\data\processed\barcelona_ready_2019_2022\node_8032\train.pkl
Loaded 1021 samples from D:\Desk\desk\beiyou_c_project\data\processed\barcelona_ready_2019_2022\node_8033\train.pkl
Loaded 1078 samples from D:\Desk\desk\beiyou_c_project\data\processed\barcelona_ready_2019_2022\node_8034\train.pkl
Loaded 1021 samples from D:\Desk\desk\beiyou_c_project\data\processed\barcelona_ready_2019_2022\node_8035\train.pkl
Loaded 974 samples from D:\Desk\desk\beiyou_c_project\data\processed\barcelona_ready_2019_2022\node_8036\train.pkl
Loaded 1021 samples from D:\Desk\desk\beiyou_c_project\data\processed\barcelona_ready_2019_2022\node_8037\train.pkl
Loaded 1021 samples from D:\Desk\desk\beiyou_c_project\data\processed\barcelona_ready_2019_2022\node_8038\train.pkl
Loaded 1021 samples from D:\Desk\desk\beiyou_c_project\data\processed\barcelona_ready_2019_2022\node_8039\train.pkl
Loaded 1021 samples from D:\Desk\desk\beiyou_c_project\data\processed\barcelona_ready_2019_2022\node_8040\train.pkl
Loaded 1021 samples from D:\Desk\desk\beiyou_c_project\data\processed\barcelona_ready_2019_2022\node_8041\train.pkl
Loaded 1021 samples from D:\Desk\desk\beiyou_c_project\data\processed\barcelona_ready_2019_2022\node_8042\train.pkl
Loaded 218 samples from D:\Desk\desk\beiyou_c_project\data\processed\barcelona_ready_2019_2022\node_8001\test.pkl
Loaded 218 samples from D:\Desk\desk\beiyou_c_project\data\processed\barcelona_ready_2019_2022\node_8002\test.pkl
Loaded 217 samples from D:\Desk\desk\beiyou_c_project\data\processed\barcelona_ready_2019_2022\node_8003\test.pkl
Loaded 218 samples from D:\Desk\desk\beiyou_c_project\data\processed\barcelona_ready_2019_2022\node_8004\test.pkl
Loaded 183 samples from D:\Desk\desk\beiyou_c_project\data\processed\barcelona_ready_2019_2022\node_8005\test.pkl
Loaded 218 samples from D:\Desk\desk\beiyou_c_project\data\processed\barcelona_ready_2019_2022\node_8006\test.pkl
Loaded 218 samples from D:\Desk\desk\beiyou_c_project\data\processed\barcelona_ready_2019_2022\node_8007\test.pkl
Loaded 218 samples from D:\Desk\desk\beiyou_c_project\data\processed\barcelona_ready_2019_2022\node_8008\test.pkl
Loaded 218 samples from D:\Desk\desk\beiyou_c_project\data\processed\barcelona_ready_2019_2022\node_8009\test.pkl
Loaded 217 samples from D:\Desk\desk\beiyou_c_project\data\processed\barcelona_ready_2019_2022\node_8010\test.pkl
Loaded 238 samples from D:\Desk\desk\beiyou_c_project\data\processed\barcelona_ready_2019_2022\node_8011\test.pkl
Loaded 217 samples from D:\Desk\desk\beiyou_c_project\data\processed\barcelona_ready_2019_2022\node_8012\test.pkl
Loaded 215 samples from D:\Desk\desk\beiyou_c_project\data\processed\barcelona_ready_2019_2022\node_8013\test.pkl
Loaded 195 samples from D:\Desk\desk\beiyou_c_project\data\processed\barcelona_ready_2019_2022\node_8014\test.pkl
Loaded 179 samples from D:\Desk\desk\beiyou_c_project\data\processed\barcelona_ready_2019_2022\node_8015\test.pkl
Loaded 218 samples from D:\Desk\desk\beiyou_c_project\data\processed\barcelona_ready_2019_2022\node_8016\test.pkl
Loaded 211 samples from D:\Desk\desk\beiyou_c_project\data\processed\barcelona_ready_2019_2022\node_8017\test.pkl
Loaded 218 samples from D:\Desk\desk\beiyou_c_project\data\processed\barcelona_ready_2019_2022\node_8018\test.pkl
Loaded 218 samples from D:\Desk\desk\beiyou_c_project\data\processed\barcelona_ready_2019_2022\node_8019\test.pkl
Loaded 221 samples from D:\Desk\desk\beiyou_c_project\data\processed\barcelona_ready_2019_2022\node_8020\test.pkl
Loaded 218 samples from D:\Desk\desk\beiyou_c_project\data\processed\barcelona_ready_2019_2022\node_8021\test.pkl
Loaded 218 samples from D:\Desk\desk\beiyou_c_project\data\processed\barcelona_ready_2019_2022\node_8022\test.pkl
Loaded 218 samples from D:\Desk\desk\beiyou_c_project\data\processed\barcelona_ready_2019_2022\node_8023\test.pkl
Loaded 217 samples from D:\Desk\desk\beiyou_c_project\data\processed\barcelona_ready_2019_2022\node_8024\test.pkl
Loaded 218 samples from D:\Desk\desk\beiyou_c_project\data\processed\barcelona_ready_2019_2022\node_8026\test.pkl
Loaded 218 samples from D:\Desk\desk\beiyou_c_project\data\processed\barcelona_ready_2019_2022\node_8027\test.pkl
Loaded 178 samples from D:\Desk\desk\beiyou_c_project\data\processed\barcelona_ready_2019_2022\node_8028\test.pkl
Loaded 218 samples from D:\Desk\desk\beiyou_c_project\data\processed\barcelona_ready_2019_2022\node_8029\test.pkl
Loaded 218 samples from D:\Desk\desk\beiyou_c_project\data\processed\barcelona_ready_2019_2022\node_8030\test.pkl
Loaded 218 samples from D:\Desk\desk\beiyou_c_project\data\processed\barcelona_ready_2019_2022\node_8031\test.pkl
Loaded 218 samples from D:\Desk\desk\beiyou_c_project\data\processed\barcelona_ready_2019_2022\node_8032\test.pkl
Loaded 218 samples from D:\Desk\desk\beiyou_c_project\data\processed\barcelona_ready_2019_2022\node_8033\test.pkl
Loaded 173 samples from D:\Desk\desk\beiyou_c_project\data\processed\barcelona_ready_2019_2022\node_8034\test.pkl
Loaded 218 samples from D:\Desk\desk\beiyou_c_project\data\processed\barcelona_ready_2019_2022\node_8035\test.pkl
Loaded 241 samples from D:\Desk\desk\beiyou_c_project\data\processed\barcelona_ready_2019_2022\node_8036\test.pkl
Loaded 218 samples from D:\Desk\desk\beiyou_c_project\data\processed\barcelona_ready_2019_2022\node_8037\test.pkl
Loaded 218 samples from D:\Desk\desk\beiyou_c_project\data\processed\barcelona_ready_2019_2022\node_8038\test.pkl
Loaded 218 samples from D:\Desk\desk\beiyou_c_project\data\processed\barcelona_ready_2019_2022\node_8039\test.pkl
Loaded 218 samples from D:\Desk\desk\beiyou_c_project\data\processed\barcelona_ready_2019_2022\node_8040\test.pkl
Loaded 218 samples from D:\Desk\desk\beiyou_c_project\data\processed\barcelona_ready_2019_2022\node_8041\test.pkl
Loaded 218 samples from D:\Desk\desk\beiyou_c_project\data\processed\barcelona_ready_2019_2022\node_8042\test.pkl
것힘쭈컸쌘듐鑒: 41
속潼헌빽앱잚莉...
헌빽앱잚莉鑒: 10
悧와빵똥鑒: 51
Round 1: avg_train_loss = 0.117414
Round 2: avg_train_loss = 0.102329
Round 3: avg_train_loss = 0.107376
Round 4: avg_train_loss = 0.107834
Round 5: avg_train_loss = 0.107645
Round 6: avg_train_loss = 0.107857
Round 7: avg_train_loss = 0.108003
Round 8: avg_train_loss = 0.107785
Round 9: avg_train_loss = 0.107276
Round 10: avg_train_loss = 0.106918
渡꿎令렀鍋: [0.1226, 0.4732]
커깃令렀鍋: [-0.0819, 1.7822]

離老 sMAPE: 40.81%
