2026-03-22 14:32:12,366 - INFO - 日志文件: D:\Desk\desk\beiyou_c_project\versions\v2_holiday_sector\experiments\logs\bayesian_optimization_20260322_143212.log
2026-03-22 14:32:12,367 - INFO - Version root: D:\Desk\desk\beiyou_c_project\versions\v2_holiday_sector
2026-03-22 14:32:16,897 - INFO - ======================================================================
2026-03-22 14:32:16,898 - INFO - 贝叶斯优化 - 专业版
2026-03-22 14:32:16,898 - INFO - ======================================================================
2026-03-22 14:32:16,899 - INFO - 搜索参数: hidden, layers, lr, dropout, batch_size, optimizer, scheduler, grad_clip
2026-03-22 14:32:16,899 - INFO - 优化目标: 验证集损失 (MSE)
2026-03-22 14:32:16,900 - INFO - 早停: 自适应（从 Step 2 读取）
2026-03-22 14:32:16,900 - INFO - ======================================================================
2026-03-22 14:32:16,902 - INFO - ✅ 使用 Step 2 早停参数: min_epochs=10, confidence=0.95
2026-03-22 14:32:16,903 - INFO - 
日志目录: D:\Desk\desk\beiyou_c_project\versions\v2_holiday_sector\experiments\beautified\..\logs\bayesian\20260322_143216
2026-03-22 14:32:17,691 - INFO - 
开始优化...
2026-03-22 14:32:17,692 - INFO - 预计时间: 20 次 × 5-10 分钟 = 1.5-3 小时
2026-03-22 14:32:17,692 - INFO - ----------------------------------------------------------------------
2026-03-22 14:32:17,789 - INFO - 
  Trial: h=224, l=4, lr=9.35e-03, drop=0.28, bs=128, opt=AdamW, sched=plateau, clip=0.63
2026-03-22 14:32:17,800 - INFO - Traceback (most recent call last):

2026-03-22 14:32:17,800 - INFO -   File "D:\DownLoad\python\Lib\site-packages\optuna\study\_optimize.py", line 206, in _run_trial
    value_or_values = func(trial)
                      ^^^^^^^^^^^

2026-03-22 14:32:17,801 - INFO -   File "D:\Desk\desk\beiyou_c_project\versions\v2_holiday_sector\experiments\beautified\bayes_pro.py", line 173, in objective
    train_loader, val_loader, test_loader, scaler = get_loaders(8001, bs)
                                                    ^^^^^^^^^^^^^^^^^^^^^

2026-03-22 14:32:17,801 - INFO -   File "D:\Desk\desk\beiyou_c_project\versions\v2_holiday_sector\experiments\beautified\bayes_pro.py", line 98, in get_loaders
    file_path = os.path.join(data_dir, f"{split}.pkl")
                                          ^^^^^

2026-03-22 14:32:17,801 - INFO - NameError: name 'split' is not defined

2026-03-22 14:32:17,804 - ERROR - Optimization failed: name 'split' is not defined
