2026-03-22 14:55:23,074 - INFO - 日志文件: D:\Desk\desk\beiyou_c_project\versions\v2_holiday_sector\experiments\logs\bayesian_optimization_20260322_145523.log
2026-03-22 14:55:23,075 - INFO - Version root: D:\Desk\desk\beiyou_c_project\versions\v2_holiday_sector
2026-03-22 14:55:28,139 - INFO - ======================================================================
2026-03-22 14:55:28,139 - INFO - 贝叶斯优化 - 专业版
2026-03-22 14:55:28,140 - INFO - ======================================================================
2026-03-22 14:55:28,141 - INFO - 搜索参数: hidden, layers, lr, dropout, batch_size, optimizer, scheduler, grad_clip
2026-03-22 14:55:28,141 - INFO - 优化目标: 验证集损失 (MSE)
2026-03-22 14:55:28,142 - INFO - 早停: 自适应（从 Step 2 读取）
2026-03-22 14:55:28,142 - INFO - ======================================================================
2026-03-22 14:55:28,144 - INFO - ✅ 使用 Step 2 早停参数: min_epochs=10, confidence=0.95
2026-03-22 14:55:28,148 - INFO - 
日志目录: D:\Desk\desk\beiyou_c_project\versions\v2_holiday_sector\experiments\beautified\..\logs\bayesian\20260322_145528
2026-03-22 14:55:29,340 - INFO - 
开始优化...
2026-03-22 14:55:29,340 - INFO - 预计时间: 20 次 × 5-10 分钟 = 1.5-3 小时
2026-03-22 14:55:29,341 - INFO - ----------------------------------------------------------------------
2026-03-22 14:55:29,466 - INFO - 
  Trial: h=192, l=2, lr=2.76e-03, drop=0.18, bs=32, opt=Adam, sched=cosine, clip=0.93
2026-03-22 15:32:41,407 - INFO -     No significant improvement (p > 0.05)
2026-03-22 15:32:44,808 - INFO -     Val Loss: 0.001756, Test sMAPE: 62.59%
2026-03-22 15:32:44,963 - INFO - 
  Trial: h=256, l=4, lr=9.25e-03, drop=0.11, bs=32, opt=AdamW, sched=plateau, clip=0.15
2026-03-22 16:45:10,782 - INFO -     Loss degradation detected (rolling average)
2026-03-22 16:45:22,270 - INFO -     Val Loss: 0.022457, Test sMAPE: 84.19%
2026-03-22 16:45:22,373 - INFO - 
  Trial: h=96, l=3, lr=6.91e-03, drop=0.45, bs=64, opt=AdamW, sched=cosine, clip=0.93
2026-03-22 17:14:14,686 - INFO -     No significant improvement (p > 0.05)
2026-03-22 17:14:19,128 - INFO -     Val Loss: 0.002048, Test sMAPE: 64.22%
2026-03-22 17:14:19,274 - INFO - 
  Trial: h=128, l=3, lr=3.92e-04, drop=0.17, bs=64, opt=AdamW, sched=cosine, clip=4.01
2026-03-22 17:44:08,624 - INFO -     No significant improvement (p > 0.05)
2026-03-22 17:44:12,796 - INFO -     Val Loss: 0.004283, Test sMAPE: 68.15%
2026-03-22 17:44:12,942 - INFO - 
  Trial: h=96, l=2, lr=4.21e-03, drop=0.16, bs=128, opt=AdamW, sched=plateau, clip=2.12
2026-03-22 18:02:26,292 - INFO -     No significant improvement (p > 0.05)
2026-03-22 18:02:28,387 - INFO -     Val Loss: 0.002392, Test sMAPE: 65.75%
2026-03-22 18:02:28,505 - INFO - 
  Trial: h=256, l=2, lr=5.89e-03, drop=0.44, bs=128, opt=AdamW, sched=cosine, clip=0.43
2026-03-22 18:18:37,707 - INFO -     No significant improvement (p > 0.05)
2026-03-22 18:18:39,896 - INFO -     Val Loss: 0.001800, Test sMAPE: 60.63%
2026-03-22 18:18:40,009 - INFO - 
  Trial: h=32, l=3, lr=5.18e-03, drop=0.12, bs=128, opt=AdamW, sched=cosine, clip=4.41
2026-03-22 18:32:33,337 - INFO -     No significant improvement (p > 0.05)
2026-03-22 18:32:34,219 - INFO -     Val Loss: 0.003259, Test sMAPE: 68.43%
2026-03-22 18:32:34,331 - INFO - 
  Trial: h=224, l=2, lr=8.17e-03, drop=0.13, bs=64, opt=Adam, sched=plateau, clip=0.86
2026-03-22 18:45:53,132 - INFO -     No significant improvement (p > 0.05)
2026-03-22 18:45:54,761 - INFO -     Val Loss: 0.002004, Test sMAPE: 65.40%
2026-03-22 18:45:54,866 - INFO - 
  Trial: h=64, l=2, lr=2.13e-03, drop=0.36, bs=64, opt=Adam, sched=plateau, clip=0.17
2026-03-22 18:51:53,105 - INFO -     No significant improvement (p > 0.05)
2026-03-22 18:51:54,051 - INFO -     Val Loss: 0.003026, Test sMAPE: 68.75%
2026-03-22 18:51:54,152 - INFO - 
  Trial: h=224, l=4, lr=1.74e-03, drop=0.46, bs=64, opt=Adam, sched=plateau, clip=1.12
2026-03-22 19:25:04,502 - INFO -     No significant improvement (p > 0.05)
2026-03-22 19:25:08,582 - INFO -     Val Loss: 0.002217, Test sMAPE: 64.93%
2026-03-22 19:25:08,701 - INFO - 
  Trial: h=160, l=1, lr=1.05e-04, drop=0.25, bs=32, opt=Adam, sched=cosine, clip=0.32
2026-03-22 19:36:00,097 - INFO -     No significant improvement (p > 0.05)
2026-03-22 19:36:01,442 - INFO -     Val Loss: 0.004880, Test sMAPE: 69.86%
2026-03-22 19:36:01,567 - INFO - 
  Trial: h=192, l=1, lr=7.51e-04, drop=0.27, bs=32, opt=Adam, sched=cosine, clip=0.42
2026-03-22 19:46:50,058 - INFO -     No significant improvement (p > 0.05)
2026-03-22 19:46:51,543 - INFO -     Val Loss: 0.003136, Test sMAPE: 70.15%
2026-03-22 19:46:51,666 - INFO - 
  Trial: h=256, l=2, lr=2.21e-03, drop=0.36, bs=128, opt=Adam, sched=cosine, clip=0.46
2026-03-22 20:01:50,416 - INFO -     No significant improvement (p > 0.05)
2026-03-22 20:01:52,385 - INFO -     Val Loss: 0.002259, Test sMAPE: 64.84%
2026-03-22 20:01:52,502 - INFO - 
  Trial: h=192, l=1, lr=3.29e-03, drop=0.22, bs=32, opt=AdamW, sched=cosine, clip=1.75
2026-03-22 20:13:42,372 - INFO -     No significant improvement (p > 0.05)
2026-03-22 20:13:43,872 - INFO -     Val Loss: 0.001869, Test sMAPE: 63.20%
2026-03-22 20:13:43,989 - INFO - 
  Trial: h=192, l=2, lr=7.64e-04, drop=0.34, bs=128, opt=Adam, sched=cosine, clip=0.26
