2026-03-22 14:33:42,520 - INFO - 日志文件: D:\Desk\desk\beiyou_c_project\versions\v2_holiday_sector\experiments\logs\bayesian_optimization_20260322_143342.log
2026-03-22 14:33:42,521 - INFO - Version root: D:\Desk\desk\beiyou_c_project\versions\v2_holiday_sector
2026-03-22 14:33:46,941 - INFO - ======================================================================
2026-03-22 14:33:46,942 - INFO - 贝叶斯优化 - 专业版
2026-03-22 14:33:46,942 - INFO - ======================================================================
2026-03-22 14:33:46,942 - INFO - 搜索参数: hidden, layers, lr, dropout, batch_size, optimizer, scheduler, grad_clip
2026-03-22 14:33:46,942 - INFO - 优化目标: 验证集损失 (MSE)
2026-03-22 14:33:46,943 - INFO - 早停: 自适应（从 Step 2 读取）
2026-03-22 14:33:46,943 - INFO - ======================================================================
2026-03-22 14:33:46,944 - INFO - ✅ 使用 Step 2 早停参数: min_epochs=10, confidence=0.95
2026-03-22 14:33:46,946 - INFO - 
日志目录: D:\Desk\desk\beiyou_c_project\versions\v2_holiday_sector\experiments\beautified\..\logs\bayesian\20260322_143346
2026-03-22 14:33:47,709 - INFO - 
开始优化...
2026-03-22 14:33:47,709 - INFO - 预计时间: 20 次 × 5-10 分钟 = 1.5-3 小时
2026-03-22 14:33:47,710 - INFO - ----------------------------------------------------------------------
2026-03-22 14:33:47,801 - INFO - 
  Trial: h=160, l=1, lr=6.22e-03, drop=0.14, bs=32, opt=Adam, sched=cosine, clip=0.23
2026-03-22 14:40:33,584 - INFO -     No significant improvement (p > 0.05)
2026-03-22 14:40:35,865 - INFO -     Val Loss: 0.001976, Test sMAPE: 64.31%
2026-03-22 14:40:36,016 - INFO - 
  Trial: h=192, l=2, lr=9.80e-04, drop=0.16, bs=64, opt=AdamW, sched=plateau, clip=3.04
2026-03-22 14:53:33,297 - INFO -     No significant improvement (p > 0.05)
2026-03-22 14:53:35,050 - INFO -     Val Loss: 0.002718, Test sMAPE: 68.42%
2026-03-22 14:53:35,152 - INFO - 
  Trial: h=64, l=2, lr=1.50e-03, drop=0.28, bs=32, opt=AdamW, sched=cosine, clip=4.72
2026-03-22 15:20:49,522 - INFO -     No significant improvement (p > 0.05)
2026-03-22 15:20:54,263 - INFO -     Val Loss: 0.002821, Test sMAPE: 68.56%
2026-03-22 15:20:54,374 - INFO - 
  Trial: h=224, l=2, lr=7.29e-04, drop=0.39, bs=32, opt=Adam, sched=plateau, clip=0.20
2026-03-22 15:54:39,394 - INFO -     No significant improvement (p > 0.05)
2026-03-22 15:54:44,786 - INFO -     Val Loss: 0.002160, Test sMAPE: 63.97%
2026-03-22 15:54:44,903 - INFO - 
  Trial: h=256, l=1, lr=1.28e-04, drop=0.31, bs=32, opt=AdamW, sched=plateau, clip=1.07
2026-03-22 16:16:56,412 - INFO -     No significant improvement (p > 0.05)
2026-03-22 16:16:59,016 - INFO -     Val Loss: 0.004632, Test sMAPE: 68.93%
2026-03-22 16:16:59,174 - INFO - 
  Trial: h=224, l=1, lr=2.33e-03, drop=0.23, bs=128, opt=AdamW, sched=plateau, clip=0.32
2026-03-22 16:32:32,157 - INFO -     No significant improvement (p > 0.05)
2026-03-22 16:32:33,557 - INFO -     Val Loss: 0.002766, Test sMAPE: 68.00%
2026-03-22 16:32:33,666 - INFO - 
  Trial: h=96, l=4, lr=9.21e-03, drop=0.18, bs=128, opt=AdamW, sched=plateau, clip=0.40
2026-03-22 16:54:18,927 - INFO -     No significant improvement (p > 0.05)
2026-03-22 16:54:20,791 - INFO -     Val Loss: 0.002008, Test sMAPE: 64.07%
2026-03-22 16:54:20,903 - INFO - 
  Trial: h=128, l=1, lr=9.80e-04, drop=0.39, bs=128, opt=AdamW, sched=cosine, clip=1.14
2026-03-22 16:59:53,323 - INFO -     No significant improvement (p > 0.05)
2026-03-22 16:59:54,122 - INFO -     Val Loss: 0.004252, Test sMAPE: 69.65%
2026-03-22 16:59:54,225 - INFO - 
  Trial: h=64, l=2, lr=2.80e-04, drop=0.23, bs=128, opt=AdamW, sched=plateau, clip=1.03
2026-03-22 17:09:44,776 - INFO -     No significant improvement (p > 0.05)
2026-03-22 17:09:46,605 - INFO -     Val Loss: 0.004922, Test sMAPE: 69.99%
2026-03-22 17:09:46,738 - INFO - 
  Trial: h=192, l=2, lr=1.45e-04, drop=0.23, bs=32, opt=AdamW, sched=plateau, clip=1.25
2026-03-22 17:47:32,490 - INFO -     No significant improvement (p > 0.05)
2026-03-22 17:47:38,752 - INFO -     Val Loss: 0.004480, Test sMAPE: 68.46%
2026-03-22 17:47:38,901 - INFO - 
  Trial: h=160, l=4, lr=8.97e-03, drop=0.11, bs=64, opt=Adam, sched=cosine, clip=0.11
2026-03-22 18:41:40,914 - INFO -     No significant improvement (p > 0.05)
2026-03-22 18:41:45,198 - INFO -     Val Loss: 0.001945, Test sMAPE: 64.83%
2026-03-22 18:41:45,380 - INFO - 
  Trial: h=160, l=4, lr=9.64e-03, drop=0.11, bs=64, opt=Adam, sched=cosine, clip=0.10
2026-03-22 19:22:02,153 - INFO -     No significant improvement (p > 0.05)
2026-03-22 19:22:07,647 - INFO -     Val Loss: 0.010663, Test sMAPE: 81.39%
2026-03-22 19:22:07,830 - INFO - 
  Trial: h=128, l=3, lr=3.94e-03, drop=0.10, bs=64, opt=Adam, sched=cosine, clip=0.10
2026-03-22 19:44:48,885 - INFO -     No significant improvement (p > 0.05)
2026-03-22 19:44:51,959 - INFO -     Val Loss: 0.001785, Test sMAPE: 66.64%
2026-03-22 19:44:52,117 - INFO - 
  Trial: h=128, l=3, lr=3.46e-03, drop=0.10, bs=64, opt=Adam, sched=cosine, clip=0.13
2026-03-22 20:13:06,844 - INFO -     No significant improvement (p > 0.05)
2026-03-22 20:13:09,945 - INFO -     Val Loss: 0.001725, Test sMAPE: 61.42%
2026-03-22 20:13:10,099 - INFO - 
  Trial: h=32, l=3, lr=3.25e-03, drop=0.50, bs=64, opt=Adam, sched=cosine, clip=0.16
