nohup: ignoring input
Traceback (most recent call last):
  File "D:\Desk\desk\beiyou_c_project\experiments\beautified\train_federated.py", line 323, in <module>
    config = load_config(args.config)
             ^^^^^^^^^^^^^^^^^^^^^^^^
  File "D:\Desk\desk\beiyou_c_project\experiments\beautified\train_federated.py", line 31, in load_config
    return json.load(f)
           ^^^^^^^^^^^^
  File "D:\DownLoad\python\Lib\json\__init__.py", line 293, in load
    return loads(fp.read(),
           ^^^^^^^^^^^^^^^^
  File "D:\DownLoad\python\Lib\json\__init__.py", line 346, in loads
    return _default_decoder.decode(s)
           ^^^^^^^^^^^^^^^^^^^^^^^^^^
  File "D:\DownLoad\python\Lib\json\decoder.py", line 337, in decode
    obj, end = self.raw_decode(s, idx=_w(s, 0).end())
               ^^^^^^^^^^^^^^^^^^^^^^^^^^^^^^^^^^^^^^
  File "D:\DownLoad\python\Lib\json\decoder.py", line 353, in raw_decode
    obj, end = self.scan_once(s, idx)
               ^^^^^^^^^^^^^^^^^^^^^^
json.decoder.JSONDecodeError: Expecting property name enclosed in double quotes: line 25 column 2 (char 521)
