============================================================
Single Node Training v1: Node 8001
============================================================
输入维度: 7
训练样本: 21187
验证样本: 4515
测试样本: 4517
模型参数: 451,588

开始训练...
Epoch 5/20 | Train Loss: 0.004599 | Val Loss: 0.004002
Epoch 10/20 | Train Loss: 0.002712 | Val Loss: 0.002723
Epoch 15/20 | Train Loss: 0.001808 | Val Loss: 0.002143
Epoch 20/20 | Train Loss: 0.001387 | Val Loss: 0.002003

============================================================
评估结果
============================================================
RMSE: 10830.45 kWh
MAE:  7029.16 kWh
sMAPE: 62.40%
Traceback (most recent call last):
  File "D:\Desk\desk\beiyou_c_project\experiments\beautified\train_single_node_v1.py", line 108, in <module>
    train_v1(
  File "D:\Desk\desk\beiyou_c_project\experiments\beautified\train_single_node_v1.py", line 89, in train_v1
    plot_predictions(eval_results['predictions'], eval_results['targets'], node_id, pred_path)
  File "D:\Desk\desk\beiyou_c_project\experiments\beautified\train_single_node.py", line 268, in plot_predictions
    print(f"\u2705 Prediction plot saved: {save_path}")
UnicodeEncodeError: 'gbk' codec can't encode character '\u2705' in position 0: illegal multibyte sequence
