2026-03-22 14:22:39,639 - INFO - 日志文件: D:\Desk\desk\beiyou_c_project\experiments\logs\train_federated_20260322_142239.log
2026-03-22 14:22:41,685 - INFO - ============================================================
2026-03-22 14:22:41,686 - INFO - FedGreen-C Federated Learning Training Started
2026-03-22 14:22:41,686 - INFO - ============================================================
2026-03-22 14:22:41,687 - INFO - Loaded config from: configs/federated_v1_24nodes_optimized.json
2026-03-22 14:22:41,688 - INFO - ============================================================
2026-03-22 14:22:41,688 - INFO - FedGreen-C Federated Learning Training
2026-03-22 14:22:41,688 - INFO - ============================================================
2026-03-22 14:22:41,689 - INFO - Configuration:
2026-03-22 14:22:41,689 - INFO -   Nodes: [8001, 8002, 8003, 8004, 8005, 8006, 8007, 8008, 8009, 8010, 8011, 8012, 8013, 8014, 8015, 8016, 8017, 8018, 8019, 8020, 8021, 8022, 8023, 8024] (24 nodes)
2026-03-22 14:22:41,690 - INFO -   Rounds: 20
2026-03-22 14:22:41,690 - INFO -   Local epochs: 5
2026-03-22 14:22:41,690 - INFO -   Mu values: [0.001, 0.01]
2026-03-22 14:22:41,691 - INFO -   Window: 28 → 4
2026-03-22 14:22:41,691 - INFO -   Device: cpu
2026-03-22 14:22:41,691 - INFO - ============================================================
2026-03-22 14:22:41,691 - INFO - 
Loading data...
2026-03-22 14:22:41,837 - INFO - Node 8001: train=21187, val=4515, test=4517
2026-03-22 14:22:41,858 - INFO - Node 8002: train=21190, val=4516, test=4517
2026-03-22 14:22:41,876 - INFO - Node 8003: train=21201, val=4518, test=4520
2026-03-22 14:22:41,895 - INFO - Node 8004: train=21181, val=4514, test=4516
2026-03-22 14:22:41,913 - INFO - Node 8005: train=23245, val=4956, test=4958
2026-03-22 14:22:41,934 - INFO - Node 8006: train=25871, val=5519, test=5521
2026-03-22 14:22:41,954 - INFO - Node 8007: train=25656, val=5473, test=5474
2026-03-22 14:22:41,973 - INFO - Node 8008: train=25426, val=5424, test=5425
2026-03-22 14:22:41,990 - INFO - Node 8009: train=21117, val=4500, test=4502
2026-03-22 14:22:42,007 - INFO - Node 8010: train=21167, val=4511, test=4513
2026-03-22 14:22:42,025 - INFO - Node 8011: train=22030, val=4696, test=4697
2026-03-22 14:22:42,042 - INFO - Node 8012: train=21207, val=4520, test=4520
2026-03-22 14:22:42,060 - INFO - Node 8013: train=21713, val=4628, test=4630
2026-03-22 14:22:42,078 - INFO - Node 8014: train=21685, val=4622, test=4624
2026-03-22 14:22:42,096 - INFO - Node 8015: train=22856, val=4873, test=4874
2026-03-22 14:22:42,114 - INFO - Node 8016: train=21151, val=4508, test=4508
2026-03-22 14:22:42,134 - INFO - Node 8017: train=24284, val=5179, test=5180
2026-03-22 14:22:42,154 - INFO - Node 8018: train=25880, val=5521, test=5522
2026-03-22 14:22:42,170 - INFO - Node 8019: train=21187, val=4515, test=4517
2026-03-22 14:22:42,187 - INFO - Node 8020: train=21366, val=4554, test=4555
2026-03-22 14:22:42,208 - INFO - Node 8021: train=25874, val=5520, test=5521
2026-03-22 14:22:42,229 - INFO - Node 8022: train=21187, val=4515, test=4517
2026-03-22 14:22:42,247 - INFO - Node 8023: train=21142, val=4506, test=4507
2026-03-22 14:22:42,265 - INFO - Node 8024: train=21201, val=4518, test=4520
2026-03-22 14:22:42,275 - INFO - Input dimension: 7
2026-03-22 14:22:42,275 - INFO - 
############################################################
2026-03-22 14:22:42,275 - INFO - Training with mu = 0.001
2026-03-22 14:22:42,276 - INFO - ############################################################
2026-03-22 14:22:42,355 - INFO - 
Starting federated training...
2026-03-22 14:22:42,356 - INFO - 
  Round 1/20
2026-03-22 14:25:23,917 - INFO -     Client 8001: loss = 0.011699, size = 21187
