2026-03-22 18:58:06,858 - INFO - 日志文件: D:\Desk\desk\beiyou_c_project\experiments\logs\train_federated_20260322_185806.log
2026-03-22 18:58:09,791 - INFO - ============================================================
2026-03-22 18:58:09,791 - INFO - FedGreen-C Federated Learning Training Started
2026-03-22 18:58:09,791 - INFO - ============================================================
2026-03-22 18:58:09,793 - INFO - Loaded config from: configs/federated_v1_24nodes_optimized_v2.json
2026-03-22 18:58:09,793 - INFO - ============================================================
2026-03-22 18:58:09,793 - INFO - FedGreen-C Federated Learning Training
2026-03-22 18:58:09,793 - INFO - ============================================================
2026-03-22 18:58:09,794 - INFO - Configuration:
2026-03-22 18:58:09,794 - INFO -   Nodes: [8001, 8002, 8003, 8004, 8005, 8006, 8007, 8008, 8009, 8010, 8011, 8012, 8013, 8014, 8015, 8016, 8017, 8018, 8019, 8020, 8021, 8022, 8023, 8024] (24 nodes)
2026-03-22 18:58:09,794 - INFO -   Rounds: 30
2026-03-22 18:58:09,794 - INFO -   Local epochs: 2
2026-03-22 18:58:09,794 - INFO -   Mu values: [0.1]
2026-03-22 18:58:09,796 - INFO -   Window: 28 → 4
2026-03-22 18:58:09,796 - INFO -   Device: cpu
2026-03-22 18:58:09,796 - INFO - ============================================================
2026-03-22 18:58:09,796 - INFO - 
Loading data...
2026-03-22 18:58:09,982 - INFO - Node 8001: train=21187, val=4515, test=4517
2026-03-22 18:58:10,001 - INFO - Node 8002: train=21190, val=4516, test=4517
2026-03-22 18:58:10,018 - INFO - Node 8003: train=21201, val=4518, test=4520
2026-03-22 18:58:10,034 - INFO - Node 8004: train=21181, val=4514, test=4516
2026-03-22 18:58:10,055 - INFO - Node 8005: train=23245, val=4956, test=4958
2026-03-22 18:58:10,074 - INFO - Node 8006: train=25871, val=5519, test=5521
2026-03-22 18:58:10,093 - INFO - Node 8007: train=25656, val=5473, test=5474
2026-03-22 18:58:10,112 - INFO - Node 8008: train=25426, val=5424, test=5425
2026-03-22 18:58:10,131 - INFO - Node 8009: train=21117, val=4500, test=4502
2026-03-22 18:58:10,148 - INFO - Node 8010: train=21167, val=4511, test=4513
2026-03-22 18:58:10,166 - INFO - Node 8011: train=22030, val=4696, test=4697
2026-03-22 18:58:10,183 - INFO - Node 8012: train=21207, val=4520, test=4520
2026-03-22 18:58:10,201 - INFO - Node 8013: train=21713, val=4628, test=4630
2026-03-22 18:58:10,218 - INFO - Node 8014: train=21685, val=4622, test=4624
2026-03-22 18:58:10,237 - INFO - Node 8015: train=22856, val=4873, test=4874
2026-03-22 18:58:10,256 - INFO - Node 8016: train=21151, val=4508, test=4508
2026-03-22 18:58:10,277 - INFO - Node 8017: train=24284, val=5179, test=5180
2026-03-22 18:58:10,297 - INFO - Node 8018: train=25880, val=5521, test=5522
2026-03-22 18:58:10,315 - INFO - Node 8019: train=21187, val=4515, test=4517
2026-03-22 18:58:10,332 - INFO - Node 8020: train=21366, val=4554, test=4555
2026-03-22 18:58:10,353 - INFO - Node 8021: train=25874, val=5520, test=5521
2026-03-22 18:58:10,370 - INFO - Node 8022: train=21187, val=4515, test=4517
2026-03-22 18:58:10,387 - INFO - Node 8023: train=21142, val=4506, test=4507
2026-03-22 18:58:10,404 - INFO - Node 8024: train=21201, val=4518, test=4520
2026-03-22 18:58:10,416 - INFO - Input dimension: 7
2026-03-22 18:58:10,416 - INFO - 
############################################################
2026-03-22 18:58:10,417 - INFO - Training with mu = 0.1
2026-03-22 18:58:10,417 - INFO - ############################################################
2026-03-22 18:58:10,497 - INFO - 
Starting federated training...
2026-03-22 18:58:10,497 - INFO - 
  Round 1/30
2026-03-22 19:00:04,810 - INFO -     Client 8001: loss = 0.027475, size = 21187
2026-03-22 19:01:56,742 - INFO -     Client 8002: loss = 0.026442, size = 21190
2026-03-22 19:03:45,713 - INFO -     Client 8003: loss = 0.032966, size = 21201
2026-03-22 19:05:32,893 - INFO -     Client 8004: loss = 0.016049, size = 21181
2026-03-22 19:07:36,643 - INFO -     Client 8005: loss = 0.033991, size = 23245
2026-03-22 19:09:53,692 - INFO -     Client 8006: loss = 0.029160, size = 25871
2026-03-22 19:12:04,011 - INFO -     Client 8007: loss = 0.029395, size = 25656
2026-03-22 19:14:22,381 - INFO -     Client 8008: loss = 0.022215, size = 25426
2026-03-22 19:16:08,819 - INFO -     Client 8009: loss = 0.005235, size = 21117
2026-03-22 19:17:48,294 - INFO -     Client 8010: loss = 0.022100, size = 21167
2026-03-22 19:19:31,969 - INFO -     Client 8011: loss = 0.027451, size = 22030
2026-03-22 19:21:14,820 - INFO -     Client 8012: loss = 0.034021, size = 21207
2026-03-22 19:22:54,895 - INFO -     Client 8013: loss = 0.044403, size = 21713
2026-03-22 19:24:33,518 - INFO -     Client 8014: loss = 0.022623, size = 21685
2026-03-22 19:26:03,737 - INFO -     Client 8015: loss = 0.028584, size = 22856
2026-03-22 19:27:19,760 - INFO -     Client 8016: loss = 0.036240, size = 21151
2026-03-22 19:28:51,381 - INFO -     Client 8017: loss = 0.028480, size = 24284
2026-03-22 19:30:27,628 - INFO -     Client 8018: loss = 0.022860, size = 25880
2026-03-22 19:31:46,763 - INFO -     Client 8019: loss = 0.031177, size = 21187
2026-03-22 19:33:06,503 - INFO -     Client 8020: loss = 0.033815, size = 21366
2026-03-22 19:34:35,926 - INFO -     Client 8021: loss = 0.022589, size = 25874
2026-03-22 19:35:50,208 - INFO -     Client 8022: loss = 0.000732, size = 21187
2026-03-22 19:37:02,670 - INFO -     Client 8023: loss = 0.015266, size = 21142
2026-03-22 19:38:15,056 - INFO -     Client 8024: loss = 0.026207, size = 21201
2026-03-22 19:38:15,094 - INFO -     Avg Loss = 0.025811
2026-03-22 19:38:15,094 - INFO - 
  Round 2/30
2026-03-22 19:39:32,870 - INFO -     Client 8001: loss = 0.023912, size = 21187
2026-03-22 19:40:52,654 - INFO -     Client 8002: loss = 0.023930, size = 21190
2026-03-22 19:42:12,157 - INFO -     Client 8003: loss = 0.028976, size = 21201
2026-03-22 19:43:32,144 - INFO -     Client 8004: loss = 0.012109, size = 21181
2026-03-22 19:44:55,314 - INFO -     Client 8005: loss = 0.030182, size = 23245
2026-03-22 19:46:26,951 - INFO -     Client 8006: loss = 0.026362, size = 25871
2026-03-22 19:48:20,560 - INFO -     Client 8007: loss = 0.027576, size = 25656
2026-03-22 19:50:38,185 - INFO -     Client 8008: loss = 0.020715, size = 25426
2026-03-22 19:52:29,305 - INFO -     Client 8009: loss = 0.005306, size = 21117
2026-03-22 19:54:21,425 - INFO -     Client 8010: loss = 0.019313, size = 21167
2026-03-22 19:56:18,435 - INFO -     Client 8011: loss = 0.025217, size = 22030
2026-03-22 19:58:08,590 - INFO -     Client 8012: loss = 0.028889, size = 21207
2026-03-22 20:00:06,940 - INFO -     Client 8013: loss = 0.038636, size = 21713
2026-03-22 20:01:58,773 - INFO -     Client 8014: loss = 0.019372, size = 21685
2026-03-22 20:03:25,395 - INFO -     Client 8015: loss = 0.025163, size = 22856
2026-03-22 20:04:44,622 - INFO -     Client 8016: loss = 0.031224, size = 21151
2026-03-22 20:06:15,363 - INFO -     Client 8017: loss = 0.025312, size = 24284
2026-03-22 20:07:55,220 - INFO -     Client 8018: loss = 0.020366, size = 25880
2026-03-22 20:09:18,235 - INFO -     Client 8019: loss = 0.025885, size = 21187
2026-03-22 20:10:45,385 - INFO -     Client 8020: loss = 0.028290, size = 21366
2026-03-22 20:12:22,972 - INFO -     Client 8021: loss = 0.020230, size = 25874
2026-03-22 20:13:46,402 - INFO -     Client 8022: loss = 0.002259, size = 21187
2026-03-22 20:15:27,200 - INFO -     Client 8023: loss = 0.012929, size = 21142
